
Sun Mar 17 2024 21:41:47:735 GMT+0530 (India Standard Time) -- [WARNING] Skipping initialisation of configuration console because: port already in use by another Binary
Sun Mar 17 2024 21:41:48:467 GMT+0530 (India Standard Time) -- [SUCCESS] You can now access your local server(s) in our remote browser

Sun Mar 17 2024 21:41:48:549 GMT+0530 (India Standard Time) -- Press Ctrl-C to exit



Sun Mar 17 2024 23:42:22:298 GMT+0530 (India Standard Time) -- [WARNING] Skipping initialisation of configuration console because: port already in use by another Binary
Sun Mar 17 2024 23:42:23:12 GMT+0530 (India Standard Time) -- [SUCCESS] You can now access your local server(s) in our remote browser

Sun Mar 17 2024 23:42:23:58 GMT+0530 (India Standard Time) -- Press Ctrl-C to exit



Sun Mar 17 2024 23:48:05:942 GMT+0530 (India Standard Time) -- [WARNING] Skipping initialisation of configuration console because: port already in use by another Binary
Sun Mar 17 2024 23:48:06:663 GMT+0530 (India Standard Time) -- [SUCCESS] You can now access your local server(s) in our remote browser

Sun Mar 17 2024 23:48:06:739 GMT+0530 (India Standard Time) -- Press Ctrl-C to exit



Sun Mar 17 2024 23:54:16:861 GMT+0530 (India Standard Time) -- [WARNING] Skipping initialisation of configuration console because: port already in use by another Binary
Sun Mar 17 2024 23:54:17:615 GMT+0530 (India Standard Time) -- [SUCCESS] You can now access your local server(s) in our remote browser

Sun Mar 17 2024 23:54:17:676 GMT+0530 (India Standard Time) -- Press Ctrl-C to exit



Sun Mar 17 2024 23:58:02:246 GMT+0530 (India Standard Time) -- [WARNING] Skipping initialisation of configuration console because: port already in use by another Binary
Sun Mar 17 2024 23:58:03:48 GMT+0530 (India Standard Time) -- [SUCCESS] You can now access your local server(s) in our remote browser

Sun Mar 17 2024 23:58:03:114 GMT+0530 (India Standard Time) -- Press Ctrl-C to exit



Sun Mar 17 2024 23:59:59:313 GMT+0530 (India Standard Time) -- [WARNING] Skipping initialisation of configuration console because: port already in use by another Binary
Mon Mar 18 2024 00:00:01:123 GMT+0530 (India Standard Time) -- [SUCCESS] You can now access your local server(s) in our remote browser

Mon Mar 18 2024 00:00:01:203 GMT+0530 (India Standard Time) -- Press Ctrl-C to exit



Mon Mar 18 2024 00:03:05:156 GMT+0530 (India Standard Time) -- [WARNING] Skipping initialisation of configuration console because: port already in use by another Binary
Mon Mar 18 2024 00:03:05:889 GMT+0530 (India Standard Time) -- [SUCCESS] You can now access your local server(s) in our remote browser

Mon Mar 18 2024 00:03:05:938 GMT+0530 (India Standard Time) -- Press Ctrl-C to exit


